{"level":"info","message":"MongoDB connection established","timestamp":"2025-02-15T05:51:10.741Z"}
{"level":"info","message":"MongoDB connection established","timestamp":"2025-02-15T05:55:14.383Z"}
{"level":"info","message":"MongoDB connection established","timestamp":"2025-02-15T06:02:38.476Z"}
{"level":"info","message":"MongoDB connection established","timestamp":"2025-02-15T06:04:39.892Z"}
{"level":"error","message":"testing","stack":"Error: testing\n    at E:\\Projects\\2025\\local_service_provider\\server\\server.js:16:15\n    at Layer.handle [as handle_request] (E:\\Projects\\2025\\local_service_provider\\server\\node_modules\\express\\lib\\router\\layer.js:95:5)\n    at next (E:\\Projects\\2025\\local_service_provider\\server\\node_modules\\express\\lib\\router\\route.js:149:13)\n    at Route.dispatch (E:\\Projects\\2025\\local_service_provider\\server\\node_modules\\express\\lib\\router\\route.js:119:3)\n    at Layer.handle [as handle_request] (E:\\Projects\\2025\\local_service_provider\\server\\node_modules\\express\\lib\\router\\layer.js:95:5)\n    at E:\\Projects\\2025\\local_service_provider\\server\\node_modules\\express\\lib\\router\\index.js:284:15\n    at param (E:\\Projects\\2025\\local_service_provider\\server\\node_modules\\express\\lib\\router\\index.js:365:14)\n    at param (E:\\Projects\\2025\\local_service_provider\\server\\node_modules\\express\\lib\\router\\index.js:376:14)\n    at Function.process_params (E:\\Projects\\2025\\local_service_provider\\server\\node_modules\\express\\lib\\router\\index.js:421:3)\n    at next (E:\\Projects\\2025\\local_service_provider\\server\\node_modules\\express\\lib\\router\\index.js:280:10)","statusCode":500,"timestamp":"2025-02-15T06:04:45.896Z"}
{"level":"info","message":"MongoDB connection established","timestamp":"2025-02-15T06:16:16.832Z"}
{"level":"info","message":"MongoDB connection established","timestamp":"2025-02-15T06:18:39.983Z"}
{"level":"info","message":"MongoDB connection established","timestamp":"2025-02-15T06:22:07.631Z"}
{"level":"info","message":"MongoDB connection established","timestamp":"2025-02-15T06:35:34.681Z"}
{"level":"info","message":"MongoDB connection established","timestamp":"2025-02-15T06:36:44.092Z"}
{"level":"info","message":"MongoDB connection established","timestamp":"2025-02-15T06:37:07.839Z"}
{"level":"info","message":"MongoDB connection established","timestamp":"2025-02-15T06:37:22.550Z"}
{"level":"info","message":"MongoDB connection established","timestamp":"2025-02-15T06:37:51.941Z"}
{"level":"error","message":"testing","stack":"Error: testing\n    at E:\\Projects\\2025\\local_service_provider\\server\\server.js:16:15\n    at Layer.handle [as handle_request] (E:\\Projects\\2025\\local_service_provider\\server\\node_modules\\express\\lib\\router\\layer.js:95:5)\n    at next (E:\\Projects\\2025\\local_service_provider\\server\\node_modules\\express\\lib\\router\\route.js:149:13)\n    at Route.dispatch (E:\\Projects\\2025\\local_service_provider\\server\\node_modules\\express\\lib\\router\\route.js:119:3)\n    at Layer.handle [as handle_request] (E:\\Projects\\2025\\local_service_provider\\server\\node_modules\\express\\lib\\router\\layer.js:95:5)\n    at E:\\Projects\\2025\\local_service_provider\\server\\node_modules\\express\\lib\\router\\index.js:284:15\n    at param (E:\\Projects\\2025\\local_service_provider\\server\\node_modules\\express\\lib\\router\\index.js:365:14)\n    at param (E:\\Projects\\2025\\local_service_provider\\server\\node_modules\\express\\lib\\router\\index.js:376:14)\n    at Function.process_params (E:\\Projects\\2025\\local_service_provider\\server\\node_modules\\express\\lib\\router\\index.js:421:3)\n    at next (E:\\Projects\\2025\\local_service_provider\\server\\node_modules\\express\\lib\\router\\index.js:280:10)","statusCode":500,"timestamp":"2025-02-15T06:40:46.901Z"}
{"level":"info","message":"MongoDB connection established","timestamp":"2025-02-15T06:41:10.271Z"}
{"level":"info","message":"MongoDB connection established","timestamp":"2025-02-15T07:02:52.485Z"}
{"level":"info","message":"MongoDB connection established","timestamp":"2025-02-15T07:04:24.814Z"}
{"level":"info","message":"MongoDB connection established","timestamp":"2025-02-15T07:08:48.396Z"}
{"level":"info","message":"MongoDB connection established","timestamp":"2025-02-15T07:08:56.317Z"}
{"level":"info","message":"MongoDB connection established","timestamp":"2025-02-15T07:09:05.437Z"}
{"level":"info","message":"MongoDB connection established","timestamp":"2025-02-15T07:09:55.145Z"}
{"level":"info","message":"MongoDB connection established","timestamp":"2025-02-15T07:10:41.744Z"}
{"level":"info","message":"MongoDB connection established","timestamp":"2025-02-15T07:11:45.608Z"}
{"level":"info","message":"MongoDB connection established","timestamp":"2025-02-15T07:11:52.571Z"}
{"isOperational":true,"level":"error","message":"Incorrect email or password","stack":"Error: Incorrect email or password\n    at E:\\Projects\\2025\\local_service_provider\\server\\controllers\\authController.js:80:17","statusCode":401,"timestamp":"2025-02-15T07:13:47.403Z"}
{"level":"info","message":"MongoDB connection established","timestamp":"2025-02-15T07:16:49.902Z"}
{"level":"info","message":"MongoDB connection established","timestamp":"2025-02-15T07:17:02.389Z"}
{"level":"info","message":"MongoDB connection established","timestamp":"2025-02-15T07:17:27.973Z"}
{"level":"info","message":"MongoDB connection established","timestamp":"2025-02-15T07:17:39.752Z"}
{"isOperational":true,"level":"error","message":"Incorrect email or password","stack":"Error: Incorrect email or password\n    at E:\\Projects\\2025\\local_service_provider\\server\\controllers\\authController.js:80:17","status":"error","statusCode":401,"timestamp":"2025-02-15T07:17:49.566Z"}
{"level":"info","message":"MongoDB connection established","timestamp":"2025-02-15T07:19:34.501Z"}
{"level":"info","message":"MongoDB connection established","timestamp":"2025-02-15T07:28:58.513Z"}
{"level":"info","message":"MongoDB connection established","timestamp":"2025-02-15T07:30:49.408Z"}
{"level":"info","message":"MongoDB connection established","timestamp":"2025-02-15T07:32:13.617Z"}
{"level":"info","message":"MongoDB connection established","timestamp":"2025-02-15T07:36:49.983Z"}
{"level":"info","message":"MongoDB connection established","timestamp":"2025-02-15T08:03:36.331Z"}
{"level":"info","message":"MongoDB connection established","timestamp":"2025-02-15T08:04:54.814Z"}
{"level":"info","message":"MongoDB connection established","timestamp":"2025-02-15T08:05:12.739Z"}
{"level":"warn","message":"MongoDB connection disconnected","timestamp":"2025-02-15T08:06:42.040Z"}
{"level":"info","message":"MongoDB connection established","timestamp":"2025-02-15T13:54:51.207Z"}
{"isOperational":true,"level":"error","message":"You are not logged in! Please log in to get access.","stack":"Error: You are not logged in! Please log in to get access.\n    at E:\\Projects\\2025\\local_service_provider\\server\\middlewares\\auth.js:20:17\n    at E:\\Projects\\2025\\local_service_provider\\server\\utils\\catchAsync.js:4:13\n    at Layer.handle [as handle_request] (E:\\Projects\\2025\\local_service_provider\\server\\node_modules\\express\\lib\\router\\layer.js:95:5)\n    at trim_prefix (E:\\Projects\\2025\\local_service_provider\\server\\node_modules\\express\\lib\\router\\index.js:328:13)\n    at E:\\Projects\\2025\\local_service_provider\\server\\node_modules\\express\\lib\\router\\index.js:286:9\n    at Function.process_params (E:\\Projects\\2025\\local_service_provider\\server\\node_modules\\express\\lib\\router\\index.js:346:12)\n    at next (E:\\Projects\\2025\\local_service_provider\\server\\node_modules\\express\\lib\\router\\index.js:280:10)\n    at Function.handle (E:\\Projects\\2025\\local_service_provider\\server\\node_modules\\express\\lib\\router\\index.js:175:3)\n    at router (E:\\Projects\\2025\\local_service_provider\\server\\node_modules\\express\\lib\\router\\index.js:47:12)\n    at Layer.handle [as handle_request] (E:\\Projects\\2025\\local_service_provider\\server\\node_modules\\express\\lib\\router\\layer.js:95:5)","status":"error","statusCode":401,"timestamp":"2025-02-15T13:55:52.051Z"}
{"level":"info","message":"MongoDB connection established","timestamp":"2025-02-15T13:57:00.754Z"}
{"isOperational":true,"level":"error","message":"Not a valid user role to hit this API","stack":"Error: Not a valid user role to hit this API\n    at E:\\Projects\\2025\\local_service_provider\\server\\middlewares\\auth.js:53:14\n    at E:\\Projects\\2025\\local_service_provider\\server\\utils\\catchAsync.js:4:13\n    at Layer.handle [as handle_request] (E:\\Projects\\2025\\local_service_provider\\server\\node_modules\\express\\lib\\router\\layer.js:95:5)\n    at trim_prefix (E:\\Projects\\2025\\local_service_provider\\server\\node_modules\\express\\lib\\router\\index.js:328:13)\n    at E:\\Projects\\2025\\local_service_provider\\server\\node_modules\\express\\lib\\router\\index.js:286:9\n    at Function.process_params (E:\\Projects\\2025\\local_service_provider\\server\\node_modules\\express\\lib\\router\\index.js:346:12)\n    at next (E:\\Projects\\2025\\local_service_provider\\server\\node_modules\\express\\lib\\router\\index.js:280:10)\n    at E:\\Projects\\2025\\local_service_provider\\server\\middlewares\\auth.js:38:3\n    at process.processTicksAndRejections (node:internal/process/task_queues:105:5)","status":"error","statusCode":400,"timestamp":"2025-02-15T13:57:41.734Z"}
{"level":"info","message":"MongoDB connection established","timestamp":"2025-02-15T13:58:29.523Z"}
{"isOperational":true,"level":"error","message":"Not a valid user role to hit this API p","stack":"Error: Not a valid user role to hit this API p\n    at E:\\Projects\\2025\\local_service_provider\\server\\middlewares\\auth.js:53:14\n    at E:\\Projects\\2025\\local_service_provider\\server\\utils\\catchAsync.js:4:13\n    at Layer.handle [as handle_request] (E:\\Projects\\2025\\local_service_provider\\server\\node_modules\\express\\lib\\router\\layer.js:95:5)\n    at trim_prefix (E:\\Projects\\2025\\local_service_provider\\server\\node_modules\\express\\lib\\router\\index.js:328:13)\n    at E:\\Projects\\2025\\local_service_provider\\server\\node_modules\\express\\lib\\router\\index.js:286:9\n    at Function.process_params (E:\\Projects\\2025\\local_service_provider\\server\\node_modules\\express\\lib\\router\\index.js:346:12)\n    at next (E:\\Projects\\2025\\local_service_provider\\server\\node_modules\\express\\lib\\router\\index.js:280:10)\n    at E:\\Projects\\2025\\local_service_provider\\server\\middlewares\\auth.js:38:3\n    at process.processTicksAndRejections (node:internal/process/task_queues:105:5)","status":"error","statusCode":400,"timestamp":"2025-02-15T13:58:36.426Z"}
{"level":"info","message":"MongoDB connection established","timestamp":"2025-02-15T13:59:10.515Z"}
{"level":"info","message":"MongoDB connection established","timestamp":"2025-02-15T13:59:15.611Z"}
{"level":"info","message":"MongoDB connection established","timestamp":"2025-02-15T14:08:09.637Z"}
{"level":"info","message":"MongoDB connection established","timestamp":"2025-02-15T14:09:04.769Z"}
{"level":"info","message":"MongoDB connection established","timestamp":"2025-02-15T19:56:59.842Z"}
{"isOperational":true,"level":"error","message":"User already exists with this email","stack":"Error: User already exists with this email\n    at C:\\Users\\hp\\OneDrive\\Desktop\\College\\final year project\\LocalServiceProviderBackend\\controllers\\authController.js:39:17\n    at process.processTicksAndRejections (node:internal/process/task_queues:105:5)","status":"error","statusCode":400,"timestamp":"2025-02-15T20:10:26.560Z"}
{"level":"info","message":"MongoDB connection established","timestamp":"2025-02-15T20:20:37.693Z"}
{"isOperational":true,"level":"error","message":"You are not logged in! Please log in to get access.","stack":"Error: You are not logged in! Please log in to get access.\n    at C:\\Users\\hp\\OneDrive\\Desktop\\College\\final year project\\LocalServiceProviderBackend\\middlewares\\auth.js:18:17\n    at C:\\Users\\hp\\OneDrive\\Desktop\\College\\final year project\\LocalServiceProviderBackend\\utils\\catchAsync.js:4:13\n    at Layer.handle [as handle_request] (C:\\Users\\hp\\OneDrive\\Desktop\\College\\final year project\\LocalServiceProviderBackend\\node_modules\\express\\lib\\router\\layer.js:95:5)\n    at trim_prefix (C:\\Users\\hp\\OneDrive\\Desktop\\College\\final year project\\LocalServiceProviderBackend\\node_modules\\express\\lib\\router\\index.js:328:13)\n    at C:\\Users\\hp\\OneDrive\\Desktop\\College\\final year project\\LocalServiceProviderBackend\\node_modules\\express\\lib\\router\\index.js:286:9\n    at Function.process_params (C:\\Users\\hp\\OneDrive\\Desktop\\College\\final year project\\LocalServiceProviderBackend\\node_modules\\express\\lib\\router\\index.js:346:12)\n    at next (C:\\Users\\hp\\OneDrive\\Desktop\\College\\final year project\\LocalServiceProviderBackend\\node_modules\\express\\lib\\router\\index.js:280:10)\n    at Function.handle (C:\\Users\\hp\\OneDrive\\Desktop\\College\\final year project\\LocalServiceProviderBackend\\node_modules\\express\\lib\\router\\index.js:175:3)\n    at router (C:\\Users\\hp\\OneDrive\\Desktop\\College\\final year project\\LocalServiceProviderBackend\\node_modules\\express\\lib\\router\\index.js:47:12)\n    at Layer.handle [as handle_request] (C:\\Users\\hp\\OneDrive\\Desktop\\College\\final year project\\LocalServiceProviderBackend\\node_modules\\express\\lib\\router\\layer.js:95:5)","status":"error","statusCode":401,"timestamp":"2025-02-15T20:25:55.162Z"}
{"isOperational":true,"level":"error","message":"You are not logged in! Please log in to get access.","stack":"Error: You are not logged in! Please log in to get access.\n    at C:\\Users\\hp\\OneDrive\\Desktop\\College\\final year project\\LocalServiceProviderBackend\\middlewares\\auth.js:18:17\n    at C:\\Users\\hp\\OneDrive\\Desktop\\College\\final year project\\LocalServiceProviderBackend\\utils\\catchAsync.js:4:13\n    at Layer.handle [as handle_request] (C:\\Users\\hp\\OneDrive\\Desktop\\College\\final year project\\LocalServiceProviderBackend\\node_modules\\express\\lib\\router\\layer.js:95:5)\n    at trim_prefix (C:\\Users\\hp\\OneDrive\\Desktop\\College\\final year project\\LocalServiceProviderBackend\\node_modules\\express\\lib\\router\\index.js:328:13)\n    at C:\\Users\\hp\\OneDrive\\Desktop\\College\\final year project\\LocalServiceProviderBackend\\node_modules\\express\\lib\\router\\index.js:286:9\n    at Function.process_params (C:\\Users\\hp\\OneDrive\\Desktop\\College\\final year project\\LocalServiceProviderBackend\\node_modules\\express\\lib\\router\\index.js:346:12)\n    at next (C:\\Users\\hp\\OneDrive\\Desktop\\College\\final year project\\LocalServiceProviderBackend\\node_modules\\express\\lib\\router\\index.js:280:10)\n    at Function.handle (C:\\Users\\hp\\OneDrive\\Desktop\\College\\final year project\\LocalServiceProviderBackend\\node_modules\\express\\lib\\router\\index.js:175:3)\n    at router (C:\\Users\\hp\\OneDrive\\Desktop\\College\\final year project\\LocalServiceProviderBackend\\node_modules\\express\\lib\\router\\index.js:47:12)\n    at Layer.handle [as handle_request] (C:\\Users\\hp\\OneDrive\\Desktop\\College\\final year project\\LocalServiceProviderBackend\\node_modules\\express\\lib\\router\\layer.js:95:5)","status":"error","statusCode":401,"timestamp":"2025-02-15T20:27:59.769Z"}
{"isOperational":true,"level":"error","message":"You are not logged in! Please log in to get access.","stack":"Error: You are not logged in! Please log in to get access.\n    at C:\\Users\\hp\\OneDrive\\Desktop\\College\\final year project\\LocalServiceProviderBackend\\middlewares\\auth.js:18:17\n    at C:\\Users\\hp\\OneDrive\\Desktop\\College\\final year project\\LocalServiceProviderBackend\\utils\\catchAsync.js:4:13\n    at Layer.handle [as handle_request] (C:\\Users\\hp\\OneDrive\\Desktop\\College\\final year project\\LocalServiceProviderBackend\\node_modules\\express\\lib\\router\\layer.js:95:5)\n    at trim_prefix (C:\\Users\\hp\\OneDrive\\Desktop\\College\\final year project\\LocalServiceProviderBackend\\node_modules\\express\\lib\\router\\index.js:328:13)\n    at C:\\Users\\hp\\OneDrive\\Desktop\\College\\final year project\\LocalServiceProviderBackend\\node_modules\\express\\lib\\router\\index.js:286:9\n    at Function.process_params (C:\\Users\\hp\\OneDrive\\Desktop\\College\\final year project\\LocalServiceProviderBackend\\node_modules\\express\\lib\\router\\index.js:346:12)\n    at next (C:\\Users\\hp\\OneDrive\\Desktop\\College\\final year project\\LocalServiceProviderBackend\\node_modules\\express\\lib\\router\\index.js:280:10)\n    at Function.handle (C:\\Users\\hp\\OneDrive\\Desktop\\College\\final year project\\LocalServiceProviderBackend\\node_modules\\express\\lib\\router\\index.js:175:3)\n    at router (C:\\Users\\hp\\OneDrive\\Desktop\\College\\final year project\\LocalServiceProviderBackend\\node_modules\\express\\lib\\router\\index.js:47:12)\n    at Layer.handle [as handle_request] (C:\\Users\\hp\\OneDrive\\Desktop\\College\\final year project\\LocalServiceProviderBackend\\node_modules\\express\\lib\\router\\layer.js:95:5)","status":"error","statusCode":401,"timestamp":"2025-02-15T20:29:30.897Z"}
{"isOperational":true,"level":"error","message":"You are not logged in! Please log in to get access.","stack":"Error: You are not logged in! Please log in to get access.\n    at C:\\Users\\hp\\OneDrive\\Desktop\\College\\final year project\\LocalServiceProviderBackend\\middlewares\\auth.js:18:17\n    at C:\\Users\\hp\\OneDrive\\Desktop\\College\\final year project\\LocalServiceProviderBackend\\utils\\catchAsync.js:4:13\n    at Layer.handle [as handle_request] (C:\\Users\\hp\\OneDrive\\Desktop\\College\\final year project\\LocalServiceProviderBackend\\node_modules\\express\\lib\\router\\layer.js:95:5)\n    at trim_prefix (C:\\Users\\hp\\OneDrive\\Desktop\\College\\final year project\\LocalServiceProviderBackend\\node_modules\\express\\lib\\router\\index.js:328:13)\n    at C:\\Users\\hp\\OneDrive\\Desktop\\College\\final year project\\LocalServiceProviderBackend\\node_modules\\express\\lib\\router\\index.js:286:9\n    at Function.process_params (C:\\Users\\hp\\OneDrive\\Desktop\\College\\final year project\\LocalServiceProviderBackend\\node_modules\\express\\lib\\router\\index.js:346:12)\n    at next (C:\\Users\\hp\\OneDrive\\Desktop\\College\\final year project\\LocalServiceProviderBackend\\node_modules\\express\\lib\\router\\index.js:280:10)\n    at Function.handle (C:\\Users\\hp\\OneDrive\\Desktop\\College\\final year project\\LocalServiceProviderBackend\\node_modules\\express\\lib\\router\\index.js:175:3)\n    at router (C:\\Users\\hp\\OneDrive\\Desktop\\College\\final year project\\LocalServiceProviderBackend\\node_modules\\express\\lib\\router\\index.js:47:12)\n    at Layer.handle [as handle_request] (C:\\Users\\hp\\OneDrive\\Desktop\\College\\final year project\\LocalServiceProviderBackend\\node_modules\\express\\lib\\router\\layer.js:95:5)","status":"error","statusCode":401,"timestamp":"2025-02-15T20:30:50.554Z"}
{"level":"info","message":"MongoDB connection established","timestamp":"2025-02-15T20:33:52.918Z"}
{"level":"info","message":"MongoDB connection established","timestamp":"2025-02-15T20:35:29.698Z"}
{"level":"info","message":"MongoDB connection established","timestamp":"2025-02-15T20:35:48.250Z"}
{"isOperational":true,"level":"error","message":"You are not logged in! Please log in to get access.","stack":"Error: You are not logged in! Please log in to get access.\n    at C:\\Users\\hp\\OneDrive\\Desktop\\College\\final year project\\LocalServiceProviderBackend\\middlewares\\auth.js:18:17\n    at C:\\Users\\hp\\OneDrive\\Desktop\\College\\final year project\\LocalServiceProviderBackend\\utils\\catchAsync.js:4:13\n    at Layer.handle [as handle_request] (C:\\Users\\hp\\OneDrive\\Desktop\\College\\final year project\\LocalServiceProviderBackend\\node_modules\\express\\lib\\router\\layer.js:95:5)\n    at trim_prefix (C:\\Users\\hp\\OneDrive\\Desktop\\College\\final year project\\LocalServiceProviderBackend\\node_modules\\express\\lib\\router\\index.js:328:13)\n    at C:\\Users\\hp\\OneDrive\\Desktop\\College\\final year project\\LocalServiceProviderBackend\\node_modules\\express\\lib\\router\\index.js:286:9\n    at Function.process_params (C:\\Users\\hp\\OneDrive\\Desktop\\College\\final year project\\LocalServiceProviderBackend\\node_modules\\express\\lib\\router\\index.js:346:12)\n    at next (C:\\Users\\hp\\OneDrive\\Desktop\\College\\final year project\\LocalServiceProviderBackend\\node_modules\\express\\lib\\router\\index.js:280:10)\n    at Function.handle (C:\\Users\\hp\\OneDrive\\Desktop\\College\\final year project\\LocalServiceProviderBackend\\node_modules\\express\\lib\\router\\index.js:175:3)\n    at router (C:\\Users\\hp\\OneDrive\\Desktop\\College\\final year project\\LocalServiceProviderBackend\\node_modules\\express\\lib\\router\\index.js:47:12)\n    at Layer.handle [as handle_request] (C:\\Users\\hp\\OneDrive\\Desktop\\College\\final year project\\LocalServiceProviderBackend\\node_modules\\express\\lib\\router\\layer.js:95:5)","status":"error","statusCode":401,"timestamp":"2025-02-15T20:38:07.089Z"}
{"level":"info","message":"MongoDB connection established","timestamp":"2025-02-15T20:42:50.019Z"}
{"level":"info","message":"MongoDB connection established","timestamp":"2025-02-15T20:44:26.009Z"}
{"level":"info","message":"MongoDB connection established","timestamp":"2025-02-15T20:55:38.174Z"}
{"level":"info","message":"MongoDB connection established","timestamp":"2025-02-15T20:56:41.913Z"}
{"level":"info","message":"MongoDB connection established","timestamp":"2025-02-15T20:57:26.190Z"}
{"level":"info","message":"MongoDB connection established","timestamp":"2025-02-15T20:58:04.889Z"}
{"level":"info","message":"MongoDB connection established","timestamp":"2025-02-15T21:03:34.395Z"}
{"isOperational":true,"level":"error","message":"Not a valid user role to hit this API","stack":"Error: Not a valid user role to hit this API\n    at C:\\Users\\hp\\OneDrive\\Desktop\\College\\final year project\\LocalServiceProviderBackend\\middlewares\\auth.js:45:14\n    at C:\\Users\\hp\\OneDrive\\Desktop\\College\\final year project\\LocalServiceProviderBackend\\utils\\catchAsync.js:4:13\n    at Layer.handle [as handle_request] (C:\\Users\\hp\\OneDrive\\Desktop\\College\\final year project\\LocalServiceProviderBackend\\node_modules\\express\\lib\\router\\layer.js:95:5)\n    at trim_prefix (C:\\Users\\hp\\OneDrive\\Desktop\\College\\final year project\\LocalServiceProviderBackend\\node_modules\\express\\lib\\router\\index.js:328:13)\n    at C:\\Users\\hp\\OneDrive\\Desktop\\College\\final year project\\LocalServiceProviderBackend\\node_modules\\express\\lib\\router\\index.js:286:9\n    at Function.process_params (C:\\Users\\hp\\OneDrive\\Desktop\\College\\final year project\\LocalServiceProviderBackend\\node_modules\\express\\lib\\router\\index.js:346:12)\n    at next (C:\\Users\\hp\\OneDrive\\Desktop\\College\\final year project\\LocalServiceProviderBackend\\node_modules\\express\\lib\\router\\index.js:280:10)\n    at C:\\Users\\hp\\OneDrive\\Desktop\\College\\final year project\\LocalServiceProviderBackend\\middlewares\\auth.js:38:3\n    at process.processTicksAndRejections (node:internal/process/task_queues:105:5)","status":"error","statusCode":400,"timestamp":"2025-02-15T21:03:38.254Z"}
{"level":"info","message":"MongoDB connection established","timestamp":"2025-02-15T21:16:40.772Z"}
{"isOperational":true,"level":"error","message":"Not a valid user role to hit this API","stack":"Error: Not a valid user role to hit this API\n    at C:\\Users\\hp\\OneDrive\\Desktop\\College\\final year project\\LocalServiceProviderBackend\\middlewares\\auth.js:45:14\n    at C:\\Users\\hp\\OneDrive\\Desktop\\College\\final year project\\LocalServiceProviderBackend\\utils\\catchAsync.js:4:13\n    at Layer.handle [as handle_request] (C:\\Users\\hp\\OneDrive\\Desktop\\College\\final year project\\LocalServiceProviderBackend\\node_modules\\express\\lib\\router\\layer.js:95:5)\n    at trim_prefix (C:\\Users\\hp\\OneDrive\\Desktop\\College\\final year project\\LocalServiceProviderBackend\\node_modules\\express\\lib\\router\\index.js:328:13)\n    at C:\\Users\\hp\\OneDrive\\Desktop\\College\\final year project\\LocalServiceProviderBackend\\node_modules\\express\\lib\\router\\index.js:286:9\n    at Function.process_params (C:\\Users\\hp\\OneDrive\\Desktop\\College\\final year project\\LocalServiceProviderBackend\\node_modules\\express\\lib\\router\\index.js:346:12)\n    at next (C:\\Users\\hp\\OneDrive\\Desktop\\College\\final year project\\LocalServiceProviderBackend\\node_modules\\express\\lib\\router\\index.js:280:10)\n    at C:\\Users\\hp\\OneDrive\\Desktop\\College\\final year project\\LocalServiceProviderBackend\\middlewares\\auth.js:38:3\n    at process.processTicksAndRejections (node:internal/process/task_queues:105:5)","status":"error","statusCode":400,"timestamp":"2025-02-15T21:16:52.353Z"}
{"level":"warn","message":"MongoDB connection disconnected","timestamp":"2025-02-15T21:22:59.835Z"}
{"level":"info","message":"MongoDB connection established","timestamp":"2025-02-15T21:23:10.813Z"}
{"level":"info","message":"MongoDB connection established","timestamp":"2025-02-15T21:37:58.627Z"}
{"level":"info","message":"MongoDB connection established","timestamp":"2025-02-15T21:41:15.438Z"}
{"level":"info","message":"MongoDB connection established","timestamp":"2025-02-15T21:49:59.526Z"}
{"level":"info","message":"MongoDB connection established","timestamp":"2025-02-15T21:50:06.174Z"}
{"level":"info","message":"MongoDB connection established","timestamp":"2025-02-15T21:52:58.295Z"}
{"level":"info","message":"MongoDB connection established","timestamp":"2025-02-15T22:01:07.680Z"}
{"level":"info","message":"MongoDB connection established","timestamp":"2025-02-15T22:20:10.380Z"}
{"level":"info","message":"MongoDB connection established","timestamp":"2025-02-15T22:20:24.371Z"}
{"level":"info","message":"MongoDB connection established","timestamp":"2025-02-15T22:28:39.226Z"}
{"level":"info","message":"MongoDB connection established","timestamp":"2025-02-15T22:29:00.675Z"}
{"level":"info","message":"MongoDB connection established","timestamp":"2025-02-15T22:30:21.887Z"}
{"level":"info","message":"MongoDB connection established","timestamp":"2025-02-15T22:36:31.461Z"}
{"level":"info","message":"MongoDB connection established","timestamp":"2025-02-15T22:39:26.259Z"}
{"level":"info","message":"MongoDB connection established","timestamp":"2025-02-15T22:49:39.326Z"}
{"level":"info","message":"MongoDB connection established","timestamp":"2025-02-15T22:49:46.573Z"}
{"level":"info","message":"MongoDB connection established","timestamp":"2025-02-15T22:49:56.423Z"}
{"level":"info","message":"MongoDB connection established","timestamp":"2025-02-15T22:52:35.848Z"}
{"level":"info","message":"MongoDB connection established","timestamp":"2025-02-15T22:55:46.427Z"}
{"level":"info","message":"MongoDB connection established","timestamp":"2025-02-15T22:56:13.342Z"}
{"level":"info","message":"MongoDB connection established","timestamp":"2025-02-15T22:57:12.338Z"}
{"level":"info","message":"MongoDB connection established","timestamp":"2025-02-15T22:57:31.589Z"}
{"level":"info","message":"MongoDB connection established","timestamp":"2025-02-15T22:58:02.724Z"}
{"level":"info","message":"MongoDB connection established","timestamp":"2025-02-15T22:58:15.264Z"}
{"level":"info","message":"MongoDB connection established","timestamp":"2025-02-15T22:58:24.418Z"}
{"level":"info","message":"MongoDB connection established","timestamp":"2025-02-15T22:59:45.082Z"}
{"level":"info","message":"MongoDB connection established","timestamp":"2025-02-15T23:00:08.446Z"}
{"level":"info","message":"MongoDB connection established","timestamp":"2025-02-15T23:01:00.792Z"}
{"level":"info","message":"MongoDB connection established","timestamp":"2025-02-15T23:01:15.102Z"}
{"level":"info","message":"MongoDB connection established","timestamp":"2025-02-15T23:09:54.168Z"}
{"level":"info","message":"MongoDB connection established","timestamp":"2025-02-15T23:10:43.431Z"}
{"isOperational":true,"level":"error","message":"You are not logged in! Please log in to get access.","stack":"Error: You are not logged in! Please log in to get access.\n    at C:\\Users\\hp\\OneDrive\\Desktop\\College\\final year project\\LocalServiceProviderBackend\\middlewares\\auth.js:18:17\n    at C:\\Users\\hp\\OneDrive\\Desktop\\College\\final year project\\LocalServiceProviderBackend\\utils\\catchAsync.js:4:13\n    at Layer.handle [as handle_request] (C:\\Users\\hp\\OneDrive\\Desktop\\College\\final year project\\LocalServiceProviderBackend\\node_modules\\express\\lib\\router\\layer.js:95:5)\n    at trim_prefix (C:\\Users\\hp\\OneDrive\\Desktop\\College\\final year project\\LocalServiceProviderBackend\\node_modules\\express\\lib\\router\\index.js:328:13)\n    at C:\\Users\\hp\\OneDrive\\Desktop\\College\\final year project\\LocalServiceProviderBackend\\node_modules\\express\\lib\\router\\index.js:286:9\n    at Function.process_params (C:\\Users\\hp\\OneDrive\\Desktop\\College\\final year project\\LocalServiceProviderBackend\\node_modules\\express\\lib\\router\\index.js:346:12)\n    at next (C:\\Users\\hp\\OneDrive\\Desktop\\College\\final year project\\LocalServiceProviderBackend\\node_modules\\express\\lib\\router\\index.js:280:10)\n    at Function.handle (C:\\Users\\hp\\OneDrive\\Desktop\\College\\final year project\\LocalServiceProviderBackend\\node_modules\\express\\lib\\router\\index.js:175:3)\n    at router (C:\\Users\\hp\\OneDrive\\Desktop\\College\\final year project\\LocalServiceProviderBackend\\node_modules\\express\\lib\\router\\index.js:47:12)\n    at Layer.handle [as handle_request] (C:\\Users\\hp\\OneDrive\\Desktop\\College\\final year project\\LocalServiceProviderBackend\\node_modules\\express\\lib\\router\\layer.js:95:5)","status":"error","statusCode":401,"timestamp":"2025-02-15T23:11:53.700Z"}
{"level":"info","message":"MongoDB connection established","timestamp":"2025-02-15T23:15:25.762Z"}
{"level":"info","message":"MongoDB connection established","timestamp":"2025-02-15T23:15:50.138Z"}
{"level":"info","message":"MongoDB connection established","timestamp":"2025-02-15T23:16:26.592Z"}
{"level":"info","message":"MongoDB connection established","timestamp":"2025-02-15T23:16:58.645Z"}
{"level":"info","message":"MongoDB connection established","timestamp":"2025-02-15T23:20:18.528Z"}
{"level":"info","message":"MongoDB connection established","timestamp":"2025-02-15T23:20:32.458Z"}
{"level":"info","message":"MongoDB connection established","timestamp":"2025-02-15T23:24:41.080Z"}
{"level":"info","message":"MongoDB connection established","timestamp":"2025-02-15T23:25:16.978Z"}
{"level":"info","message":"MongoDB connection established","timestamp":"2025-02-15T23:25:46.049Z"}
{"level":"info","message":"MongoDB connection established","timestamp":"2025-02-15T23:26:03.397Z"}
{"level":"info","message":"MongoDB connection established","timestamp":"2025-02-15T23:29:57.496Z"}
{"level":"info","message":"MongoDB connection established","timestamp":"2025-02-15T23:30:08.763Z"}
{"isOperational":true,"level":"error","message":"You are not logged in! Please log in to get access.","stack":"Error: You are not logged in! Please log in to get access.\n    at C:\\Users\\hp\\OneDrive\\Desktop\\College\\final year project\\LocalServiceProviderBackend\\middlewares\\auth.js:18:17\n    at C:\\Users\\hp\\OneDrive\\Desktop\\College\\final year project\\LocalServiceProviderBackend\\utils\\catchAsync.js:4:13\n    at Layer.handle [as handle_request] (C:\\Users\\hp\\OneDrive\\Desktop\\College\\final year project\\LocalServiceProviderBackend\\node_modules\\express\\lib\\router\\layer.js:95:5)\n    at trim_prefix (C:\\Users\\hp\\OneDrive\\Desktop\\College\\final year project\\LocalServiceProviderBackend\\node_modules\\express\\lib\\router\\index.js:328:13)\n    at C:\\Users\\hp\\OneDrive\\Desktop\\College\\final year project\\LocalServiceProviderBackend\\node_modules\\express\\lib\\router\\index.js:286:9\n    at Function.process_params (C:\\Users\\hp\\OneDrive\\Desktop\\College\\final year project\\LocalServiceProviderBackend\\node_modules\\express\\lib\\router\\index.js:346:12)\n    at next (C:\\Users\\hp\\OneDrive\\Desktop\\College\\final year project\\LocalServiceProviderBackend\\node_modules\\express\\lib\\router\\index.js:280:10)\n    at Function.handle (C:\\Users\\hp\\OneDrive\\Desktop\\College\\final year project\\LocalServiceProviderBackend\\node_modules\\express\\lib\\router\\index.js:175:3)\n    at router (C:\\Users\\hp\\OneDrive\\Desktop\\College\\final year project\\LocalServiceProviderBackend\\node_modules\\express\\lib\\router\\index.js:47:12)\n    at Layer.handle [as handle_request] (C:\\Users\\hp\\OneDrive\\Desktop\\College\\final year project\\LocalServiceProviderBackend\\node_modules\\express\\lib\\router\\layer.js:95:5)","status":"error","statusCode":401,"timestamp":"2025-02-15T23:32:29.139Z"}
{"isOperational":true,"level":"error","message":"You are not logged in! Please log in to get access.","stack":"Error: You are not logged in! Please log in to get access.\n    at C:\\Users\\hp\\OneDrive\\Desktop\\College\\final year project\\LocalServiceProviderBackend\\middlewares\\auth.js:18:17\n    at C:\\Users\\hp\\OneDrive\\Desktop\\College\\final year project\\LocalServiceProviderBackend\\utils\\catchAsync.js:4:13\n    at Layer.handle [as handle_request] (C:\\Users\\hp\\OneDrive\\Desktop\\College\\final year project\\LocalServiceProviderBackend\\node_modules\\express\\lib\\router\\layer.js:95:5)\n    at trim_prefix (C:\\Users\\hp\\OneDrive\\Desktop\\College\\final year project\\LocalServiceProviderBackend\\node_modules\\express\\lib\\router\\index.js:328:13)\n    at C:\\Users\\hp\\OneDrive\\Desktop\\College\\final year project\\LocalServiceProviderBackend\\node_modules\\express\\lib\\router\\index.js:286:9\n    at Function.process_params (C:\\Users\\hp\\OneDrive\\Desktop\\College\\final year project\\LocalServiceProviderBackend\\node_modules\\express\\lib\\router\\index.js:346:12)\n    at next (C:\\Users\\hp\\OneDrive\\Desktop\\College\\final year project\\LocalServiceProviderBackend\\node_modules\\express\\lib\\router\\index.js:280:10)\n    at Function.handle (C:\\Users\\hp\\OneDrive\\Desktop\\College\\final year project\\LocalServiceProviderBackend\\node_modules\\express\\lib\\router\\index.js:175:3)\n    at router (C:\\Users\\hp\\OneDrive\\Desktop\\College\\final year project\\LocalServiceProviderBackend\\node_modules\\express\\lib\\router\\index.js:47:12)\n    at Layer.handle [as handle_request] (C:\\Users\\hp\\OneDrive\\Desktop\\College\\final year project\\LocalServiceProviderBackend\\node_modules\\express\\lib\\router\\layer.js:95:5)","status":"error","statusCode":401,"timestamp":"2025-02-15T23:32:58.647Z"}
{"isOperational":true,"level":"error","message":"Rating must be between 1 and 5","stack":"Error: Rating must be between 1 and 5\n    at C:\\Users\\hp\\OneDrive\\Desktop\\College\\final year project\\LocalServiceProviderBackend\\controllers\\customerController.js:217:17\n    at C:\\Users\\hp\\OneDrive\\Desktop\\College\\final year project\\LocalServiceProviderBackend\\utils\\catchAsync.js:4:13\n    at Layer.handle [as handle_request] (C:\\Users\\hp\\OneDrive\\Desktop\\College\\final year project\\LocalServiceProviderBackend\\node_modules\\express\\lib\\router\\layer.js:95:5)\n    at next (C:\\Users\\hp\\OneDrive\\Desktop\\College\\final year project\\LocalServiceProviderBackend\\node_modules\\express\\lib\\router\\route.js:149:13)\n    at C:\\Users\\hp\\OneDrive\\Desktop\\College\\final year project\\LocalServiceProviderBackend\\middlewares\\auth.js:43:9\n    at C:\\Users\\hp\\OneDrive\\Desktop\\College\\final year project\\LocalServiceProviderBackend\\utils\\catchAsync.js:4:13\n    at Layer.handle [as handle_request] (C:\\Users\\hp\\OneDrive\\Desktop\\College\\final year project\\LocalServiceProviderBackend\\node_modules\\express\\lib\\router\\layer.js:95:5)\n    at next (C:\\Users\\hp\\OneDrive\\Desktop\\College\\final year project\\LocalServiceProviderBackend\\node_modules\\express\\lib\\router\\route.js:149:13)\n    at C:\\Users\\hp\\OneDrive\\Desktop\\College\\final year project\\LocalServiceProviderBackend\\middlewares\\auth.js:38:3\n    at process.processTicksAndRejections (node:internal/process/task_queues:105:5)","status":"error","statusCode":400,"timestamp":"2025-02-15T23:33:17.173Z"}
{"isOperational":true,"level":"error","message":"You have already reviewed this service","stack":"Error: You have already reviewed this service\n    at C:\\Users\\hp\\OneDrive\\Desktop\\College\\final year project\\LocalServiceProviderBackend\\controllers\\customerController.js:233:17\n    at process.processTicksAndRejections (node:internal/process/task_queues:105:5)","status":"error","statusCode":400,"timestamp":"2025-02-15T23:33:31.399Z"}
{"level":"info","message":"MongoDB connection established","timestamp":"2025-02-15T23:34:34.282Z"}
{"level":"warn","message":"MongoDB connection disconnected","timestamp":"2025-02-16T01:09:22.716Z"}
{"level":"info","message":"MongoDB connection established","timestamp":"2025-02-16T05:06:35.379Z"}
{"level":"warn","message":"MongoDB connection disconnected","timestamp":"2025-02-16T05:57:29.860Z"}
{"level":"info","message":"MongoDB connection established","timestamp":"2025-02-16T05:57:32.475Z"}
{"level":"warn","message":"MongoDB connection disconnected","timestamp":"2025-02-16T07:52:16.426Z"}
{"level":"info","message":"MongoDB connection established","timestamp":"2025-02-16T07:52:19.685Z"}
{"level":"warn","message":"MongoDB connection disconnected","timestamp":"2025-02-16T10:29:37.722Z"}
{"level":"info","message":"MongoDB connection established","timestamp":"2025-02-16T10:29:41.370Z"}
{"level":"warn","message":"MongoDB connection disconnected","timestamp":"2025-02-16T11:04:15.114Z"}
{"level":"info","message":"MongoDB connection established","timestamp":"2025-02-16T11:04:25.864Z"}
{"level":"info","message":"MongoDB connection established","timestamp":"2025-02-16T11:09:15.546Z"}
